MPASM 5.54                          MAIN.ASM   3-15-2017  12:18:13         PAGE  1


LOC  OBJECT CODE     LINE SOURCE TEXT
  VALUE

Warning[205]: Found directive in column 1. (LIST)
                      00001 LIST p = 16f887
                      00002 
                      00003     #include "p16f887.inc"
                      00001         LIST
                      00002 
                      00003 ;==========================================================================
                      00004 ;  MPASM PIC16F887 processor include
                      00005 ; 
                      00006 ;  (c) Copyright 1999-2013 Microchip Technology, All rights reserved
                      00007 ;==========================================================================
                      00008 
                      00809         LIST
                      00004 
                      00005     cblock  0x20
                      00006 ; declaracion de variables
  00000020            00007     cont1           ;variable usada para retardos
  00000021            00008     cont2           ;variable usada para retardos
  00000022            00009     cont3           ;variable usada para retardos
  00000023            00010     retardo         ;variable usada para retardos
  00000024            00011     bin             ;variable usada para hacer conversion
  00000025            00012     uni_dec         ;guarda los valores provicionales de la conversion
  00000026            00013     cent            ;guarda los valores provicionales de la conversion
  00000027            00014     suma            ;guarda el conteo
  00000028            00015     cont_seg        ;variable usada para retardos
  00000029            00016     pos_tabla       ;posicion de inicio de la tabla
  0000002A            00017     ciclos_secuencia ;nuemro de ciclos por secuencia
  0000002B            00018     num_secuencias  ;numero de secuencias
  0000002C            00019     valor_carga     ;valor que se cargo
  0000002D            00020     repeticiones    ;numero de veces que se repite la secuencia
                      00021 
                      00022 
                      00023     endc
                      00024 
                      00025     org .0
0000   2???           00026     call osc_conf   ;configura el oscilador
0001   2???           00027     call port_conf  ;configura los puertos
0002                  00028 inicio:
                      00029 
                      00030     
                      00031 
                      00032 ;    movf    PORTA,W
                      00033 ;    movwf   bin
                      00034 ;    call    conversion
                      00035 
0002   01A4           00036     clrf    bin
0003   01A7           00037     clrf    suma
0004                  00038 reinicio:
0004   0AA7           00039     incf    suma,F
0005   1903           00040     btfsc   STATUS,Z
0006   2???           00041     call    secuencia
0007   0827           00042     movf    suma,W
0008   00A4           00043     movwf   bin
MPASM 5.54                          MAIN.ASM   3-15-2017  12:18:13         PAGE  2


LOC  OBJECT CODE     LINE SOURCE TEXT
  VALUE

0009   2???           00044     call    verificar
000A   2???           00045     call    conversion    
000B   2???           00046     call    retardo_500ms
000C   2???           00047     call    verificar
000D   2???           00048     call    retardo_500ms
000E   2???           00049     goto    reinicio
                      00050 
000F                  00051 verificar:
000F   1C09           00052     btfss   PORTE,0
0010   2???           00053     call    cargar
0011   1C89           00054     btfss   PORTE,1
0012   2???           00055     goto    reiniciar
0013   1D09           00056     btfss   PORTE,2
0014   2???           00057     goto    reiniciar_con_carga
0015   0008           00058     return
0016                  00059 cargar:
0016   0805           00060     movf    PORTA,W
0017   00A7           00061     movwf   suma
0018   00AC           00062     movwf   valor_carga
0019   0008           00063     return
001A                  00064 reiniciar:
001A   0186           00065     clrf    PORTB
001B   0187           00066     clrf    PORTC
001C   01A5           00067     clrf    uni_dec
001D   01A6           00068     clrf    cent
001E   01A7           00069     clrf    suma
001F   0008           00070     return
0020                  00071 reiniciar_con_carga:
0020   0186           00072     clrf    PORTB
0021   0187           00073     clrf    PORTC
0022   01A5           00074     clrf    uni_dec
0023   01A6           00075     clrf    cent
0024   082C           00076     movf    valor_carga,W
0025   00A7           00077     movwf   suma
0026   0008           00078     return
                      00079 
                      00080 
                      00081 
                      00082 
                      00083 
                      00084 #include "configuracion.inc"
                      00001 ; CONFIG1
                      00002     ; __config 0xE3F4
2007   23F4           00003      __CONFIG _CONFIG1, _FOSC_INTRC_NOCLKOUT & _WDTE_OFF & _PWRTE_OFF & _MCLRE_ON & _CP_OFF & _CPD_OFF &
                             _BOREN_ON & _IESO_OFF & _FCMEN_OFF & _LVP_OFF
                      00004     ; CONFIG2
                      00005     ; __config 0xFEFF
2008   3EFF           00006      __CONFIG _CONFIG2, _BOR4V_BOR21V & _WRT_OFF
                      00007 
                      00008 
                      00009 #include "p16F887.inc"
                      00810         LIST
                      00811 
MPASM 5.54                          MAIN.ASM   3-15-2017  12:18:13         PAGE  3


LOC  OBJECT CODE     LINE SOURCE TEXT
  VALUE

                      00812 ;==========================================================================
                      00813 ;  MPASM PIC16F887 processor include
                      00814 ; 
                      00815 ;  (c) Copyright 1999-2013 Microchip Technology, All rights reserved
                      00816 ;==========================================================================
                      00817 
Message[310]: Superseding current maximum RAM and RAM map.
                      01618         LIST
                      00010 
                      00011 ; CONFIG1
                      00012 ; __config 0xFFF2
                      00013 ; __CONFIG _CONFIG1, _FOSC_HS & _WDTE_OFF & _PWRTE_OFF & _MCLRE_ON & _CP_OFF & _CPD_OFF & _BOREN_ON & _I
                            ESO_ON & _FCMEN_ON & _LVP_ON
                      00014 ; CONFIG2
                      00015 ; __config 0xFFFF
                      00016 ; __CONFIG _CONFIG2, _BOR4V_BOR40V & _WRT_OFF
                      00017 
0027                  00018 osc_conf:
0027   1683           00019     bsf STATUS,RP0
0028   1303           00020     bcf STATUS,RP1
0029   30F1           00021     movlw   0xf1    
002A   308F           00022     movlw   OSCCON
002B   1283 1303      00023     banksel PORTA
002D   0008           00024     return
                      00025 
002E                  00026 port_conf:
002E   1683 1303      00027     banksel TRISA
0030   30FF           00028     movlw b'11111111'
Message[302]: Register in operand not in bank 0.  Ensure that bank bits are correct.
0031   0085           00029     movwf TRISA
Message[302]: Register in operand not in bank 0.  Ensure that bank bits are correct.
0032   0186           00030     clrf  TRISB
Message[302]: Register in operand not in bank 0.  Ensure that bank bits are correct.
0033   0187           00031     clrf  TRISC
0034   300F           00032     movlw b'00001111'
Message[302]: Register in operand not in bank 0.  Ensure that bank bits are correct.
0035   0089           00033     movwf TRISE
0036   1703           00034     bsf   STATUS,RP1
Message[302]: Register in operand not in bank 0.  Ensure that bank bits are correct.
0037   0188           00035     clrf  ANSEL
Message[302]: Register in operand not in bank 0.  Ensure that bank bits are correct.
0038   0189           00036     clrf  ANSELH
                      00037 ;   leer y escribir de los puertos
0039   1283           00038     bcf STATUS,RP0
003A   1303           00039     bcf STATUS,RP1
                      00040 
003B   0008           00041     return
                      00085 #include "retardos.inc"
003C                  00001 retardo_50ms:
003C   3032           00002     movlw .50   ;   1
003D   00A0           00003     movwf cont1 ;   1
003E                  00004 ciclo2:
003E   300A           00005     movlw .10   ;   1
MPASM 5.54                          MAIN.ASM   3-15-2017  12:18:13         PAGE  4


LOC  OBJECT CODE     LINE SOURCE TEXT
  VALUE

003F   00A1           00006     movwf cont2 ;   1
0040                  00007 ciclo1:
0040   3041           00008     movlw .65   ;   1
0041   00A2           00009     movwf cont3 ;   1
Message[305]: Using default destination of 1 (file).
0042   0BA2           00010     decfsz cont3;   1(2)
0043   2???           00011     goto $-1    ;   2
Message[305]: Using default destination of 1 (file).
0044   0BA1           00012     decfsz cont2;   1(2)
0045   2???           00013     goto ciclo1 ;   2
Message[305]: Using default destination of 1 (file).
0046   0BA0           00014     decfsz cont1;   1(2)
0047   2???           00015     goto ciclo2 ;   2
0048   0008           00016     return
                      00017 
0049                  00018 retardo_1seg:
0049   3014           00019     movlw   .20
004A   00A8           00020     movwf   cont_seg
004B   2???           00021     call    retardo_50ms
Message[305]: Using default destination of 1 (file).
004C   0BA8           00022     decfsz  cont_seg
004D   2???           00023     goto    $-2
004E   0008           00024     return
                      00025 
004F                  00026 retardo_500ms:
004F   300A           00027     movlw   .10
0050   00A8           00028     movwf   cont_seg
0051   2???           00029     call    retardo_50ms
Message[305]: Using default destination of 1 (file).
0052   0BA8           00030     decfsz  cont_seg
0053   2???           00031     goto    $-2
0054   0008           00032     return
                      00033 
                      00086 #include "bin_bcd.inc"
0055                  00001 conversion:
0055   0186           00002     clrf    PORTB
0056   0187           00003     clrf    PORTC
0057   01A6           00004     clrf    cent
0058   01A5           00005     clrf    uni_dec
                      00006 
0059                  00007 bin_bcd:
0059   3064           00008     movlw   .100
005A   0224           00009     subwf   bin,W
005B   1803           00010     btfsc   STATUS,C
005C   0AA6           00011     incf    cent,F
005D   1803           00012     btfsc   STATUS,C
005E   00A4           00013     movwf   bin
005F   1803           00014     btfsc   STATUS,C
0060   2???           00015         goto    bin_bcd
0061                  00016 retorno:
0061   300A           00017     movlw   .10
0062   0224           00018     subwf   bin,W
0063   1803           00019     btfsc   STATUS,C
MPASM 5.54                          MAIN.ASM   3-15-2017  12:18:13         PAGE  5


LOC  OBJECT CODE     LINE SOURCE TEXT
  VALUE

0064   2???           00020         goto dec_10
0065   08A4           00021     movf    bin,1
Warning[207]: Found label after column 1. (ret_unid)
0066                  00022     ret_unid:
0066   1D03           00023     btfss   STATUS,Z
0067   2???           00024         goto    dec_1
                      00025 
0068   0825           00026     movf    uni_dec,W
0069   0086           00027     movwf   PORTB
006A   0826           00028     movf    cent,W
006B   0087           00029     movwf   PORTC
Warning[203]: Found opcode in column 1. (return)
006C   0008           00030 return
                      00031 
006D                  00032 dec_10:
006D   00A4           00033     movwf   bin
006E   3010           00034     movlw   0x10 ; 00010000
006F   07A5           00035     addwf   uni_dec,F
Warning[203]: Found opcode in column 1. (goto)
0070   2???           00036 goto retorno
                      00037 
0071                  00038 dec_1:
                      00039 
0071   0AA5           00040     incf    uni_dec,1
0072   03A4           00041     decf    bin,F
Warning[203]: Found opcode in column 1. (goto)
0073   2???           00042 goto ret_unid
                      00087 #include "secuencia.inc"
0074                  00001 secuencia:
0074   3002           00002     movlw   .2
0075   00AD           00003     movwf   repeticiones
0076                  00004 bucle:
0076   01A9           00005     clrf    pos_tabla
0077   3002           00006     movlw   .2
0078   00AB           00007     movwf   num_secuencias
0079                  00008 pir:
0079   300B           00009     movlw   .11
007A   00AA           00010     movwf   ciclos_secuencia
007B                  00011 pir2:
007B   2???           00012     call    cargar_valores
Message[305]: Using default destination of 1 (file).
007C   0AA9           00013     incf    pos_tabla
007D   2???           00014     call    retardo_500ms
007E   2???           00015     goto    verificar_volver
007F                  00016 volver_verificar:
Message[305]: Using default destination of 1 (file).
007F   0BAA           00017     decfsz  ciclos_secuencia
0080   2???           00018     goto    pir2
Message[305]: Using default destination of 1 (file).
0081   0BAB           00019     decfsz  num_secuencias
0082   2???           00020     goto    pir
Message[305]: Using default destination of 1 (file).
0083   0BAD           00021     decfsz  repeticiones
MPASM 5.54                          MAIN.ASM   3-15-2017  12:18:13         PAGE  6


LOC  OBJECT CODE     LINE SOURCE TEXT
  VALUE

0084   2???           00022     goto    bucle
0085   01A7           00023     clrf    suma
0086   0008           00024     return
0087                  00025 restaurar_secuencia:
                      00026 
                      00027 
0087                  00028 verificar_volver:
0087   01A5           00029     clrf    uni_dec
0088   01A6           00030     clrf    cent    
0089   082C           00031     movf    valor_carga,W
008A   00A7           00032     movwf   suma
008B   1C89           00033     btfss   PORTE,1
008C   0008           00034     return
008D   1D09           00035     btfss   PORTE,2
008E   2???           00036     goto    salir_carga
008F   2???           00037     goto    volver_verificar
0090                  00038 salir_carga:
0090   01A7           00039     clrf    suma
0091   0008           00040     return
                      00041 
0092                  00042 cargar_valores:
0092   0829           00043     movf    pos_tabla,W
0093   2???           00044     call    tabla
0094   0086           00045     movwf   PORTB
0095   0829           00046     movf    pos_tabla,W
0096   2???           00047     call    tabla2
0097   0087           00048     movwf   PORTC
0098   0008           00049     return
                      00050 
                      00051 
0099                  00052 tabla:
0099   0782           00053     addwf   PCL,F
                      00054 ;primer secuencia
009A   347F           00055     retlw   0x7F
009B   34FE           00056     retlw   0XFE
009C   34FC           00057     retlw   0XFC
009D   34F8           00058     retlw   0XF8
009E   34F0           00059     retlw   0XF0
009F   34E0           00060     retlw   0XE0
00A0   34F0           00061     retlw   0XF0
00A1   34F8           00062     retlw   0XF8
00A2   34FC           00063     retlw   0XFC
00A3   34FE           00064     retlw   0XFE
00A4   347F           00065     retlw   0X7F
                      00066 ;segunda secuencia
00A5   3401           00067     retlw   0X01
00A6   3402           00068     retlw   0X02
00A7   3404           00069     retlw   0X04
00A8   3408           00070     retlw   0X08
00A9   3490           00071     retlw   0X90
00AA   3460           00072     retlw   0X60
00AB   3490           00073     retlw   0X90
00AC   3408           00074     retlw   0X08
MPASM 5.54                          MAIN.ASM   3-15-2017  12:18:13         PAGE  7


LOC  OBJECT CODE     LINE SOURCE TEXT
  VALUE

00AD   3404           00075     retlw   0X04
00AE   3402           00076     retlw   0X02
00AF   3401           00077     retlw   0X01
                      00078 
00B0                  00079 tabla2:
00B0   0782           00080     addwf   PCL,F
                      00081 ;primer secuencia
00B1   3400           00082     retlw   0x00
00B2   3400           00083     retlw   0X00
00B3   3401           00084     retlw   0X01
00B4   3403           00085     retlw   0X03
00B5   3407           00086     retlw   0X07
00B6   340F           00087     retlw   0X0F
00B7   3407           00088     retlw   0X07
00B8   3403           00089     retlw   0X03
00B9   3401           00090     retlw   0X01
00BA   3400           00091     retlw   0X00
00BB   3400           00092     retlw   0X00
                      00093 ;segunda secuencia
00BC   3408           00094     retlw   0X08
00BD   3404           00095     retlw   0X04
00BE   3402           00096     retlw   0X02
00BF   3401           00097     retlw   0X01
00C0   3400           00098     retlw   0X00
00C1   3400           00099     retlw   0X00
00C2   3400           00100     retlw   0X00
00C3   3401           00101     retlw   0X01
00C4   3402           00102     retlw   0X02
00C5   3404           00103     retlw   0X04
00C6   3408           00104     retlw   0X08
                      00105     
                      00106    
23F4 3EFF             00088     end
MPASM 5.54                          MAIN.ASM   3-15-2017  12:18:13         PAGE  8


SYMBOL TABLE
  LABEL                             VALUE 

ABDEN                             00000000
ABDOVF                            00000007
ACKDT                             00000005
ACKEN                             00000004
ACKSTAT                           00000006
ADCON0                            0000001F
ADCON1                            0000009F
ADCS0                             00000006
ADCS1                             00000007
ADDEN                             00000003
ADFM                              00000007
ADIE                              00000006
ADIF                              00000006
ADON                              00000000
ADRESH                            0000001E
ADRESL                            0000009E
ANS0                              00000000
ANS1                              00000001
ANS10                             00000002
ANS11                             00000003
ANS12                             00000004
ANS13                             00000005
ANS2                              00000002
ANS3                              00000003
ANS4                              00000004
ANS5                              00000005
ANS6                              00000006
ANS7                              00000007
ANS8                              00000000
ANS9                              00000001
ANSEL                             00000188
ANSELH                            00000189
BAUDCTL                           00000187
BCLIE                             00000003
BCLIF                             00000003
BF                                00000000
BRG0                              00000000
BRG1                              00000001
BRG10                             00000002
BRG11                             00000003
BRG12                             00000004
BRG13                             00000005
BRG14                             00000006
BRG15                             00000007
BRG16                             00000003
BRG2                              00000002
BRG3                              00000003
BRG4                              00000004
BRG5                              00000005
BRG6                              00000006
BRG7                              00000007
BRG8                              00000000
BRG9                              00000001
MPASM 5.54                          MAIN.ASM   3-15-2017  12:18:13         PAGE  9


SYMBOL TABLE
  LABEL                             VALUE 

BRGH                              00000002
C                                 00000000
C1CH0                             00000000
C1CH1                             00000001
C1IE                              00000005
C1IF                              00000005
C1OE                              00000005
C1ON                              00000007
C1OUT                             00000006
C1POL                             00000004
C1R                               00000002
C1RSEL                            00000005
C1SEN                             00000005
C2CH0                             00000000
C2CH1                             00000001
C2IE                              00000006
C2IF                              00000006
C2OE                              00000005
C2ON                              00000007
C2OUT                             00000006
C2POL                             00000004
C2R                               00000002
C2REN                             00000004
C2RSEL                            00000004
C2SYNC                            00000000
CCP1CON                           00000017
CCP1IE                            00000002
CCP1IF                            00000002
CCP1M0                            00000000
CCP1M1                            00000001
CCP1M2                            00000002
CCP1M3                            00000003
CCP1X                             00000005
CCP1Y                             00000004
CCP2CON                           0000001D
CCP2IE                            00000000
CCP2IF                            00000000
CCP2M0                            00000000
CCP2M1                            00000001
CCP2M2                            00000002
CCP2M3                            00000003
CCP2X                             00000005
CCP2Y                             00000004
CCPR1                             00000015
CCPR1H                            00000016
CCPR1L                            00000015
CCPR2                             0000001B
CCPR2H                            0000001C
CCPR2L                            0000001B
CHS0                              00000002
CHS1                              00000003
CHS2                              00000004
CHS3                              00000005
MPASM 5.54                          MAIN.ASM   3-15-2017  12:18:13         PAGE 10


SYMBOL TABLE
  LABEL                             VALUE 

CKE                               00000006
CKP                               00000004
CM1CON0                           00000107
CM2CON0                           00000108
CM2CON1                           00000109
CREN                              00000004
CSRC                              00000007
D                                 00000005
DATA_ADDRESS                      00000005
DC                                00000001
DC1B0                             00000004
DC1B1                             00000005
DC2B0                             00000004
DC2B1                             00000005
D_A                               00000005
D_NOT_A                           00000005
ECCPAS                            0000009C
ECCPAS0                           00000004
ECCPAS1                           00000005
ECCPAS2                           00000006
ECCPASE                           00000007
EEADR                             0000010D
EEADRH                            0000010F
EECON1                            0000018C
EECON2                            0000018D
EEDAT                             0000010C
EEDATA                            0000010C
EEDATH                            0000010E
EEIE                              00000004
EEIF                              00000004
EEPGD                             00000007
F                                 00000001
FERR                              00000002
FSR                               00000004
FVREN                             00000000
GCEN                              00000007
GIE                               00000007
GO                                00000001
GO_DONE                           00000001
GO_NOT_DONE                       00000001
HTS                               00000002
I2C_DATA                          00000005
I2C_READ                          00000002
I2C_START                         00000003
I2C_STOP                          00000004
INDF                              00000000
INTCON                            0000000B
INTE                              00000004
INTEDG                            00000006
INTF                              00000001
IOCB                              00000096
IOCB0                             00000000
IOCB1                             00000001
MPASM 5.54                          MAIN.ASM   3-15-2017  12:18:13         PAGE 11


SYMBOL TABLE
  LABEL                             VALUE 

IOCB2                             00000002
IOCB3                             00000003
IOCB4                             00000004
IOCB5                             00000005
IOCB6                             00000006
IOCB7                             00000007
IRCF0                             00000004
IRCF1                             00000005
IRCF2                             00000006
IRP                               00000007
LTS                               00000001
MC1OUT                            00000007
MC2OUT                            00000006
MSK                               00000093
MSK0                              00000000
MSK1                              00000001
MSK2                              00000002
MSK3                              00000003
MSK4                              00000004
MSK5                              00000005
MSK6                              00000006
MSK7                              00000007
NOT_A                             00000005
NOT_ADDRESS                       00000005
NOT_BO                            00000000
NOT_BOR                           00000000
NOT_DONE                          00000001
NOT_PD                            00000003
NOT_POR                           00000001
NOT_RBPU                          00000007
NOT_RC8                           00000006
NOT_T1SYNC                        00000002
NOT_TO                            00000004
NOT_TX8                           00000006
NOT_W                             00000002
NOT_WRITE                         00000002
OERR                              00000001
OPTION_REG                        00000081
OSCCON                            0000008F
OSCTUNE                           00000090
OSFIE                             00000007
OSFIF                             00000007
OSTS                              00000003
P                                 00000004
P1M0                              00000006
P1M1                              00000007
PCL                               00000002
PCLATH                            0000000A
PCON                              0000008E
PDC0                              00000000
PDC1                              00000001
PDC2                              00000002
PDC3                              00000003
MPASM 5.54                          MAIN.ASM   3-15-2017  12:18:13         PAGE 12


SYMBOL TABLE
  LABEL                             VALUE 

PDC4                              00000004
PDC5                              00000005
PDC6                              00000006
PEIE                              00000006
PEN                               00000002
PIE1                              0000008C
PIE2                              0000008D
PIR1                              0000000C
PIR2                              0000000D
PORTA                             00000005
PORTB                             00000006
PORTC                             00000007
PORTD                             00000008
PORTE                             00000009
PR2                               00000092
PRSEN                             00000007
PS0                               00000000
PS1                               00000001
PS2                               00000002
PSA                               00000003
PSSAC0                            00000002
PSSAC1                            00000003
PSSBD0                            00000000
PSSBD1                            00000001
PSTRCON                           0000009D
PULSR                             00000002
PULSS                             00000003
PWM1CON                           0000009B
R                                 00000002
RA0                               00000000
RA1                               00000001
RA2                               00000002
RA3                               00000003
RA4                               00000004
RA5                               00000005
RA6                               00000006
RA7                               00000007
RB0                               00000000
RB1                               00000001
RB2                               00000002
RB3                               00000003
RB4                               00000004
RB5                               00000005
RB6                               00000006
RB7                               00000007
RBIE                              00000003
RBIF                              00000000
RC0                               00000000
RC1                               00000001
RC2                               00000002
RC3                               00000003
RC4                               00000004
RC5                               00000005
MPASM 5.54                          MAIN.ASM   3-15-2017  12:18:13         PAGE 13


SYMBOL TABLE
  LABEL                             VALUE 

RC6                               00000006
RC7                               00000007
RC8_9                             00000006
RC9                               00000006
RCD8                              00000000
RCEN                              00000003
RCIDL                             00000006
RCIE                              00000005
RCIF                              00000005
RCREG                             0000001A
RCSTA                             00000018
RD                                00000000
RD0                               00000000
RD1                               00000001
RD2                               00000002
RD3                               00000003
RD4                               00000004
RD5                               00000005
RD6                               00000006
RD7                               00000007
RE0                               00000000
RE1                               00000001
RE2                               00000002
RE3                               00000003
READ_WRITE                        00000002
RP0                               00000005
RP1                               00000006
RSEN                              00000001
RX9                               00000006
RX9D                              00000000
R_NOT_W                           00000002
R_W                               00000002
S                                 00000003
SBOREN                            00000004
SCKP                              00000004
SCS                               00000000
SEN                               00000000
SENDB                             00000003
SMP                               00000007
SPBRG                             00000099
SPBRGH                            0000009A
SPEN                              00000007
SR0                               00000006
SR1                               00000007
SRCON                             00000185
SREN                              00000005
SSPADD                            00000093
SSPBUF                            00000013
SSPCON                            00000014
SSPCON2                           00000091
SSPEN                             00000005
SSPIE                             00000003
SSPIF                             00000003
MPASM 5.54                          MAIN.ASM   3-15-2017  12:18:13         PAGE 14


SYMBOL TABLE
  LABEL                             VALUE 

SSPM0                             00000000
SSPM1                             00000001
SSPM2                             00000002
SSPM3                             00000003
SSPMSK                            00000093
SSPOV                             00000006
SSPSTAT                           00000094
STATUS                            00000003
STRA                              00000000
STRB                              00000001
STRC                              00000002
STRD                              00000003
STRSYNC                           00000004
SWDTEN                            00000000
SYNC                              00000004
T0CS                              00000005
T0IE                              00000005
T0IF                              00000002
T0SE                              00000004
T1CKPS0                           00000004
T1CKPS1                           00000005
T1CON                             00000010
T1GINV                            00000007
T1GIV                             00000007
T1GSS                             00000001
T1INSYNC                          00000002
T1OSCEN                           00000003
T1SYNC                            00000002
T2CKPS0                           00000000
T2CKPS1                           00000001
T2CON                             00000012
TMR0                              00000001
TMR0IE                            00000005
TMR0IF                            00000002
TMR1                              0000000E
TMR1CS                            00000001
TMR1GE                            00000006
TMR1H                             0000000F
TMR1IE                            00000000
TMR1IF                            00000000
TMR1L                             0000000E
TMR1ON                            00000000
TMR2                              00000011
TMR2IE                            00000001
TMR2IF                            00000001
TMR2ON                            00000002
TOUTPS0                           00000003
TOUTPS1                           00000004
TOUTPS2                           00000005
TOUTPS3                           00000006
TRISA                             00000085
TRISA0                            00000000
TRISA1                            00000001
MPASM 5.54                          MAIN.ASM   3-15-2017  12:18:13         PAGE 15


SYMBOL TABLE
  LABEL                             VALUE 

TRISA2                            00000002
TRISA3                            00000003
TRISA4                            00000004
TRISA5                            00000005
TRISA6                            00000006
TRISA7                            00000007
TRISB                             00000086
TRISB0                            00000000
TRISB1                            00000001
TRISB2                            00000002
TRISB3                            00000003
TRISB4                            00000004
TRISB5                            00000005
TRISB6                            00000006
TRISB7                            00000007
TRISC                             00000087
TRISC0                            00000000
TRISC1                            00000001
TRISC2                            00000002
TRISC3                            00000003
TRISC4                            00000004
TRISC5                            00000005
TRISC6                            00000006
TRISC7                            00000007
TRISD                             00000088
TRISD0                            00000000
TRISD1                            00000001
TRISD2                            00000002
TRISD3                            00000003
TRISD4                            00000004
TRISD5                            00000005
TRISD6                            00000006
TRISD7                            00000007
TRISE                             00000089
TRISE0                            00000000
TRISE1                            00000001
TRISE2                            00000002
TRISE3                            00000003
TRMT                              00000001
TUN0                              00000000
TUN1                              00000001
TUN2                              00000002
TUN3                              00000003
TUN4                              00000004
TX8_9                             00000006
TX9                               00000006
TX9D                              00000000
TXD8                              00000000
TXEN                              00000005
TXIE                              00000004
TXIF                              00000004
TXREG                             00000019
TXSTA                             00000098
MPASM 5.54                          MAIN.ASM   3-15-2017  12:18:13         PAGE 16


SYMBOL TABLE
  LABEL                             VALUE 

UA                                00000001
ULPWUE                            00000005
ULPWUIE                           00000002
ULPWUIF                           00000002
VCFG0                             00000004
VCFG1                             00000005
VR0                               00000000
VR1                               00000001
VR2                               00000002
VR3                               00000003
VRCON                             00000097
VREN                              00000007
VROE                              00000006
VRR                               00000005
VRSS                              00000004
W                                 00000000
WCOL                              00000007
WDTCON                            00000105
WDTPS0                            00000001
WDTPS1                            00000002
WDTPS2                            00000003
WDTPS3                            00000004
WPUB                              00000095
WPUB0                             00000000
WPUB1                             00000001
WPUB2                             00000002
WPUB3                             00000003
WPUB4                             00000004
WPUB5                             00000005
WPUB6                             00000006
WPUB7                             00000007
WR                                00000001
WREN                              00000002
WRERR                             00000003
WUE                               00000001
Z                                 00000002
_.org_0_0043                      00000043
_.org_0_004D                      0000004D
_.org_0_0053                      00000053
_BOR21V                           00003EFF
_BOR40V                           00003FFF
_BOR4V_BOR21V                     00003EFF
_BOR4V_BOR40V                     00003FFF
_BOREN_NSLEEP                     00003EFF
_BOREN_OFF                        00003CFF
_BOREN_ON                         00003FFF
_BOREN_SBODEN                     00003DFF
_BOR_NSLEEP                       00003EFF
_BOR_OFF                          00003CFF
_BOR_ON                           00003FFF
_BOR_SBODEN                       00003DFF
_CONFIG1                          00002007
_CONFIG2                          00002008
MPASM 5.54                          MAIN.ASM   3-15-2017  12:18:13         PAGE 17


SYMBOL TABLE
  LABEL                             VALUE 

_CPD_OFF                          00003FFF
_CPD_ON                           00003F7F
_CP_OFF                           00003FFF
_CP_ON                            00003FBF
_DEBUG_OFF                        00003FFF
_DEBUG_ON                         00001FFF
_DEVID1                           00002006
_EC_OSC                           00003FFB
_EXTRC                            00003FFF
_EXTRCIO                          00003FFE
_EXTRC_OSC_CLKOUT                 00003FFF
_EXTRC_OSC_NOCLKOUT               00003FFE
_FCMEN_OFF                        000037FF
_FCMEN_ON                         00003FFF
_FOSC_EC                          00003FFB
_FOSC_EXTRC_CLKOUT                00003FFF
_FOSC_EXTRC_NOCLKOUT              00003FFE
_FOSC_HS                          00003FFA
_FOSC_INTRC_CLKOUT                00003FFD
_FOSC_INTRC_NOCLKOUT              00003FFC
_FOSC_LP                          00003FF8
_FOSC_XT                          00003FF9
_HS_OSC                           00003FFA
_IDLOC0                           00002000
_IDLOC1                           00002001
_IDLOC2                           00002002
_IDLOC3                           00002003
_IESO_OFF                         00003BFF
_IESO_ON                          00003FFF
_INTOSC                           00003FFD
_INTOSCIO                         00003FFC
_INTRC_OSC_CLKOUT                 00003FFD
_INTRC_OSC_NOCLKOUT               00003FFC
_LP_OSC                           00003FF8
_LVP_OFF                          00002FFF
_LVP_ON                           00003FFF
_MCLRE_OFF                        00003FDF
_MCLRE_ON                         00003FFF
_PWRTE_OFF                        00003FFF
_PWRTE_ON                         00003FEF
_WDTE_OFF                         00003FF7
_WDTE_ON                          00003FFF
_WDT_OFF                          00003FF7
_WDT_ON                           00003FFF
_WRT_1FOURTH                      00003BFF
_WRT_256                          00003DFF
_WRT_HALF                         000039FF
_WRT_OFF                          00003FFF
_XT_OSC                           00003FF9
__16F887                          00000001
bin                               00000024
bin_bcd                           00000059
bucle                             00000076
MPASM 5.54                          MAIN.ASM   3-15-2017  12:18:13         PAGE 18


SYMBOL TABLE
  LABEL                             VALUE 

cargar                            00000016
cargar_valores                    00000092
cent                              00000026
ciclo1                            00000040
ciclo2                            0000003E
ciclos_secuencia                  0000002A
cont1                             00000020
cont2                             00000021
cont3                             00000022
cont_seg                          00000028
conversion                        00000055
dec_1                             00000071
dec_10                            0000006D
inicio                            00000002
num_secuencias                    0000002B
osc_conf                          00000027
pir                               00000079
pir2                              0000007B
port_conf                         0000002E
pos_tabla                         00000029
reiniciar                         0000001A
reiniciar_con_carga               00000020
reinicio                          00000004
repeticiones                      0000002D
restaurar_secuencia               00000087
ret_unid                          00000066
retardo                           00000023
retardo_1seg                      00000049
retardo_500ms                     0000004F
retardo_50ms                      0000003C
retorno                           00000061
salir_carga                       00000090
secuencia                         00000074
suma                              00000027
tabla                             00000099
tabla2                            000000B0
uni_dec                           00000025
valor_carga                       0000002C
verificar                         0000000F
verificar_volver                  00000087
volver_verificar                  0000007F

Errors   :     0
Warnings :     5 reported,     0 suppressed
Messages :    16 reported,     0 suppressed

